# JRE version: OpenJDK Runtime Environment (8.0_152-b01) (build 1.8.0_152-release-915-b01)
# Java VM: OpenJDK 64-Bit Server VM (25.152-b01 mixed mode linux-amd64 compressed oops)
Heap:
 PSYoungGen      total 348160K, used 173567K [0x00000000e0000000, 0x00000000ffb00000, 0x0000000100000000)
  eden space 173568K, 99% used [0x00000000e0000000,0x00000000ea97fff8,0x00000000ea980000)
  from space 174592K, 0% used [0x00000000ea980000,0x00000000ea980000,0x00000000f5400000)
  to   space 168448K, 0% used [0x00000000f5680000,0x00000000f5680000,0x00000000ffb00000)
 ParOldGen       total 1048576K, used 1048116K [0x00000000a0000000, 0x00000000e0000000, 0x00000000e0000000)
  object space 1048576K, 99% used [0x00000000a0000000,0x00000000dff8d018,0x00000000e0000000)
 Metaspace       used 73911K, capacity 76122K, committed 78720K, reserved 1118208K
  class space    used 9585K, capacity 10044K, committed 10624K, reserved 1048576K
GC Heap History (10 events):
Event: 1183.317 GC heap before
{Heap before GC invocations=981 (full 906):
 PSYoungGen      total 348160K, used 173568K [0x00000000e0000000, 0x00000000ffb00000, 0x0000000100000000)
  eden space 173568K, 100% used [0x00000000e0000000,0x00000000ea980000,0x00000000ea980000)
  from space 174592K, 0% used [0x00000000ea980000,0x00000000ea980000,0x00000000f5400000)
  to   space 168448K, 0% used [0x00000000f5680000,0x00000000f5680000,0x00000000ffb00000)
 ParOldGen       total 1048576K, used 1048115K [0x00000000a0000000, 0x00000000e0000000, 0x00000000e0000000)
  object space 1048576K, 99% used [0x00000000a0000000,0x00000000dff8cea0,0x00000000e0000000)
 Metaspace       used 73911K, capacity 76122K, committed 78720K, reserved 1118208K
  class space    used 9585K, capacity 10044K, committed 10624K, reserved 1048576K
Event: 1184.070 GC heap after
Heap after GC invocations=981 (full 906):
 PSYoungGen      total 348160K, used 173567K [0x00000000e0000000, 0x00000000ffb00000, 0x0000000100000000)
  eden space 173568K, 99% used [0x00000000e0000000,0x00000000ea97ff58,0x00000000ea980000)
  from space 174592K, 0% used [0x00000000ea980000,0x00000000ea980000,0x00000000f5400000)
  to   space 168448K, 0% used [0x00000000f5680000,0x00000000f5680000,0x00000000ffb00000)
 ParOldGen       total 1048576K, used 1048114K [0x00000000a0000000, 0x00000000e0000000, 0x00000000e0000000)
  object space 1048576K, 99% used [0x00000000a0000000,0x00000000dff8c840,0x00000000e0000000)
 Metaspace       used 73911K, capacity 76122K, committed 78720K, reserved 1118208K
  class space    used 9585K, capacity 10044K, committed 10624K, reserved 1048576K
}
Event: 1184.070 GC heap before
{Heap before GC invocations=982 (full 907):
 PSYoungGen      total 348160K, used 173568K [0x00000000e0000000, 0x00000000ffb00000, 0x0000000100000000)
  eden space 173568K, 100% used [0x00000000e0000000,0x00000000ea980000,0x00000000ea980000)
  from space 174592K, 0% used [0x00000000ea980000,0x00000000ea980000,0x00000000f5400000)
  to   space 168448K, 0% used [0x00000000f5680000,0x00000000f5680000,0x00000000ffb00000)
 ParOldGen       total 1048576K, used 1048114K [0x00000000a0000000, 0x00000000e0000000, 0x00000000e0000000)
  object space 1048576K, 99% used [0x00000000a0000000,0x00000000dff8c840,0x00000000e0000000)
 Metaspace       used 73911K, capacity 76122K, committed 78720K, reserved 1118208K
  class space    used 9585K, capacity 10044K, committed 10624K, reserved 1048576K
Event: 1184.808 GC heap after
Heap after GC invocations=982 (full 907):
 PSYoungGen      total 348160K, used 173567K [0x00000000e0000000, 0x00000000ffb00000, 0x0000000100000000)
  eden space 173568K, 99% used [0x00000000e0000000,0x00000000ea97ff88,0x00000000ea980000)
  from space 174592K, 0% used [0x00000000ea980000,0x00000000ea980000,0x00000000f5400000)
  to   space 168448K, 0% used [0x00000000f5680000,0x00000000f5680000,0x00000000ffb00000)
 ParOldGen       total 1048576K, used 1048114K [0x00000000a0000000, 0x00000000e0000000, 0x00000000e0000000)
  object space 1048576K, 99% used [0x00000000a0000000,0x00000000dff8c840,0x00000000e0000000)
 Metaspace       used 73911K, capacity 76122K, committed 78720K, reserved 1118208K
  class space    used 9585K, capacity 10044K, committed 10624K, reserved 1048576K
}
Event: 1184.809 GC heap before
{Heap before GC invocations=983 (full 908):
 PSYoungGen      total 348160K, used 173568K [0x00000000e0000000, 0x00000000ffb00000, 0x0000000100000000)
  eden space 173568K, 100% used [0x00000000e0000000,0x00000000ea980000,0x00000000ea980000)
  from space 174592K, 0% used [0x00000000ea980000,0x00000000ea980000,0x00000000f5400000)
  to   space 168448K, 0% used [0x00000000f5680000,0x00000000f5680000,0x00000000ffb00000)
 ParOldGen       total 1048576K, used 1048114K [0x00000000a0000000, 0x00000000e0000000, 0x00000000e0000000)
  object space 1048576K, 99% used [0x00000000a0000000,0x00000000dff8c840,0x00000000e0000000)
 Metaspace       used 73911K, capacity 76122K, committed 78720K, reserved 1118208K
  class space    used 9585K, capacity 10044K, committed 10624K, reserved 1048576K
Event: 1185.758 GC heap after
Heap after GC invocations=983 (full 908):
 PSYoungGen      total 348160K, used 173567K [0x00000000e0000000, 0x00000000ffb00000, 0x0000000100000000)
  eden space 173568K, 99% used [0x00000000e0000000,0x00000000ea97ffa0,0x00000000ea980000)
  from space 174592K, 0% used [0x00000000ea980000,0x00000000ea980000,0x00000000f5400000)
  to   space 168448K, 0% used [0x00000000f5680000,0x00000000f5680000,0x00000000ffb00000)
 ParOldGen       total 1048576K, used 1048114K [0x00000000a0000000, 0x00000000e0000000, 0x00000000e0000000)
  object space 1048576K, 99% used [0x00000000a0000000,0x00000000dff8c840,0x00000000e0000000)
 Metaspace       used 73911K, capacity 76122K, committed 78720K, reserved 1118208K
  class space    used 9585K, capacity 10044K, committed 10624K, reserved 1048576K
}
Event: 1185.759 GC heap before
{Heap before GC invocations=984 (full 909):
 PSYoungGen      total 348160K, used 173567K [0x00000000e0000000, 0x00000000ffb00000, 0x0000000100000000)
  eden space 173568K, 99% used [0x00000000e0000000,0x00000000ea97ffe8,0x00000000ea980000)
  from space 174592K, 0% used [0x00000000ea980000,0x00000000ea980000,0x00000000f5400000)
  to   space 168448K, 0% used [0x00000000f5680000,0x00000000f5680000,0x00000000ffb00000)
 ParOldGen       total 1048576K, used 1048114K [0x00000000a0000000, 0x00000000e0000000, 0x00000000e0000000)
  object space 1048576K, 99% used [0x00000000a0000000,0x00000000dff8c840,0x00000000e0000000)
 Metaspace       used 73911K, capacity 76122K, committed 78720K, reserved 1118208K
  class space    used 9585K, capacity 10044K, committed 10624K, reserved 1048576K
Event: 1186.740 GC heap after
Heap after GC invocations=984 (full 909):
 PSYoungGen      total 348160K, used 173567K [0x00000000e0000000, 0x00000000ffb00000, 0x0000000100000000)
  eden space 173568K, 99% used [0x00000000e0000000,0x00000000ea97ffc0,0x00000000ea980000)
  from space 174592K, 0% used [0x00000000ea980000,0x00000000ea980000,0x00000000f5400000)
  to   space 168448K, 0% used [0x00000000f5680000,0x00000000f5680000,0x00000000ffb00000)
 ParOldGen       total 1048576K, used 1048114K [0x00000000a0000000, 0x00000000e0000000, 0x00000000e0000000)
  object space 1048576K, 99% used [0x00000000a0000000,0x00000000dff8c818,0x00000000e0000000)
 Metaspace       used 73911K, capacity 76122K, committed 78720K, reserved 1118208K
  class space    used 9585K, capacity 10044K, committed 10624K, reserved 1048576K
}
Event: 1186.740 GC heap before
{Heap before GC invocations=985 (full 910):
 PSYoungGen      total 348160K, used 173567K [0x00000000e0000000, 0x00000000ffb00000, 0x0000000100000000)
  eden space 173568K, 99% used [0x00000000e0000000,0x00000000ea97fff8,0x00000000ea980000)
  from space 174592K, 0% used [0x00000000ea980000,0x00000000ea980000,0x00000000f5400000)
  to   space 168448K, 0% used [0x00000000f5680000,0x00000000f5680000,0x00000000ffb00000)
 ParOldGen       total 1048576K, used 1048114K [0x00000000a0000000, 0x00000000e0000000, 0x00000000e0000000)
  object space 1048576K, 99% used [0x00000000a0000000,0x00000000dff8c818,0x00000000e0000000)
 Metaspace       used 73911K, capacity 76122K, committed 78720K, reserved 1118208K
  class space    used 9585K, capacity 10044K, committed 10624K, reserved 1048576K
Event: 1187.711 GC heap after
Heap after GC invocations=985 (full 910):
 PSYoungGen      total 348160K, used 173567K [0x00000000e0000000, 0x00000000ffb00000, 0x0000000100000000)
  eden space 173568K, 99% used [0x00000000e0000000,0x00000000ea97fff8,0x00000000ea980000)
  from space 174592K, 0% used [0x00000000ea980000,0x00000000ea980000,0x00000000f5400000)
  to   space 168448K, 0% used [0x00000000f5680000,0x00000000f5680000,0x00000000ffb00000)
 ParOldGen       total 1048576K, used 1048114K [0x00000000a0000000, 0x00000000e0000000, 0x00000000e0000000)
  object space 1048576K, 99% used [0x00000000a0000000,0x00000000dff8c808,0x00000000e0000000)
 Metaspace       used 73911K, capacity 76122K, committed 78720K, reserved 1118208K
  class space    used 9585K, capacity 10044K, committed 10624K, reserved 1048576K
}

