# JRE version: OpenJDK Runtime Environment (8.0_152-b01) (build 1.8.0_152-release-915-b01)
# Java VM: OpenJDK 64-Bit Server VM (25.152-b01 mixed mode linux-amd64 compressed oops)
Heap:
 PSYoungGen      total 382976K, used 271193K [0x00000000e0000000, 0x00000000ff180000, 0x0000000100000000)
  eden space 272896K, 99% used [0x00000000e0000000,0x00000000f08d65f8,0x00000000f0a80000)
  from space 110080K, 0% used [0x00000000f8600000,0x00000000f8600000,0x00000000ff180000)
  to   space 118272K, 0% used [0x00000000f0a80000,0x00000000f0a80000,0x00000000f7e00000)
 ParOldGen       total 1048576K, used 1048469K [0x00000000a0000000, 0x00000000e0000000, 0x00000000e0000000)
  object space 1048576K, 99% used [0x00000000a0000000,0x00000000dffe5478,0x00000000e0000000)
 Metaspace       used 117125K, capacity 127036K, committed 131008K, reserved 1163264K
  class space    used 14727K, capacity 16577K, committed 17368K, reserved 1048576K
GC Heap History (10 events):
Event: 9336.025 GC heap before
{Heap before GC invocations=3785 (full 3697):
 PSYoungGen      total 382976K, used 272896K [0x00000000e0000000, 0x00000000ff180000, 0x0000000100000000)
  eden space 272896K, 100% used [0x00000000e0000000,0x00000000f0a80000,0x00000000f0a80000)
  from space 110080K, 0% used [0x00000000f8600000,0x00000000f8600000,0x00000000ff180000)
  to   space 118272K, 0% used [0x00000000f0a80000,0x00000000f0a80000,0x00000000f7e00000)
 ParOldGen       total 1048576K, used 1048425K [0x00000000a0000000, 0x00000000e0000000, 0x00000000e0000000)
  object space 1048576K, 99% used [0x00000000a0000000,0x00000000dffda690,0x00000000e0000000)
 Metaspace       used 117094K, capacity 127006K, committed 131008K, reserved 1163264K
  class space    used 14723K, capacity 16572K, committed 17368K, reserved 1048576K
Event: 9336.851 GC heap after
Heap after GC invocations=3785 (full 3697):
 PSYoungGen      total 382976K, used 272881K [0x00000000e0000000, 0x00000000ff180000, 0x0000000100000000)
  eden space 272896K, 99% used [0x00000000e0000000,0x00000000f0a7c6f8,0x00000000f0a80000)
  from space 110080K, 0% used [0x00000000f8600000,0x00000000f8600000,0x00000000ff180000)
  to   space 118272K, 0% used [0x00000000f0a80000,0x00000000f0a80000,0x00000000f7e00000)
 ParOldGen       total 1048576K, used 1048425K [0x00000000a0000000, 0x00000000e0000000, 0x00000000e0000000)
  object space 1048576K, 99% used [0x00000000a0000000,0x00000000dffda600,0x00000000e0000000)
 Metaspace       used 117094K, capacity 127006K, committed 131008K, reserved 1163264K
  class space    used 14723K, capacity 16572K, committed 17368K, reserved 1048576K
}
Event: 9336.852 GC heap before
{Heap before GC invocations=3786 (full 3698):
 PSYoungGen      total 382976K, used 272896K [0x00000000e0000000, 0x00000000ff180000, 0x0000000100000000)
  eden space 272896K, 100% used [0x00000000e0000000,0x00000000f0a80000,0x00000000f0a80000)
  from space 110080K, 0% used [0x00000000f8600000,0x00000000f8600000,0x00000000ff180000)
  to   space 118272K, 0% used [0x00000000f0a80000,0x00000000f0a80000,0x00000000f7e00000)
 ParOldGen       total 1048576K, used 1048425K [0x00000000a0000000, 0x00000000e0000000, 0x00000000e0000000)
  object space 1048576K, 99% used [0x00000000a0000000,0x00000000dffda600,0x00000000e0000000)
 Metaspace       used 117095K, capacity 127006K, committed 131008K, reserved 1163264K
  class space    used 14723K, capacity 16572K, committed 17368K, reserved 1048576K
Event: 9337.871 GC heap after
Heap after GC invocations=3786 (full 3698):
 PSYoungGen      total 382976K, used 272854K [0x00000000e0000000, 0x00000000ff180000, 0x0000000100000000)
  eden space 272896K, 99% used [0x00000000e0000000,0x00000000f0a75928,0x00000000f0a80000)
  from space 110080K, 0% used [0x00000000f8600000,0x00000000f8600000,0x00000000ff180000)
  to   space 118272K, 0% used [0x00000000f0a80000,0x00000000f0a80000,0x00000000f7e00000)
 ParOldGen       total 1048576K, used 1048424K [0x00000000a0000000, 0x00000000e0000000, 0x00000000e0000000)
  object space 1048576K, 99% used [0x00000000a0000000,0x00000000dffda2a8,0x00000000e0000000)
 Metaspace       used 117095K, capacity 127006K, committed 131008K, reserved 1163264K
  class space    used 14723K, capacity 16572K, committed 17368K, reserved 1048576K
}
Event: 9337.872 GC heap before
{Heap before GC invocations=3787 (full 3699):
 PSYoungGen      total 382976K, used 272896K [0x00000000e0000000, 0x00000000ff180000, 0x0000000100000000)
  eden space 272896K, 100% used [0x00000000e0000000,0x00000000f0a80000,0x00000000f0a80000)
  from space 110080K, 0% used [0x00000000f8600000,0x00000000f8600000,0x00000000ff180000)
  to   space 118272K, 0% used [0x00000000f0a80000,0x00000000f0a80000,0x00000000f7e00000)
 ParOldGen       total 1048576K, used 1048424K [0x00000000a0000000, 0x00000000e0000000, 0x00000000e0000000)
  object space 1048576K, 99% used [0x00000000a0000000,0x00000000dffda2a8,0x00000000e0000000)
 Metaspace       used 117100K, capacity 127012K, committed 131008K, reserved 1163264K
  class space    used 14724K, capacity 16573K, committed 17368K, reserved 1048576K
Event: 9340.179 GC heap after
Heap after GC invocations=3787 (full 3699):
 PSYoungGen      total 382976K, used 272857K [0x00000000e0000000, 0x00000000ff180000, 0x0000000100000000)
  eden space 272896K, 99% used [0x00000000e0000000,0x00000000f0a765b8,0x00000000f0a80000)
  from space 110080K, 0% used [0x00000000f8600000,0x00000000f8600000,0x00000000ff180000)
  to   space 118272K, 0% used [0x00000000f0a80000,0x00000000f0a80000,0x00000000f7e00000)
 ParOldGen       total 1048576K, used 1048423K [0x00000000a0000000, 0x00000000e0000000, 0x00000000e0000000)
  object space 1048576K, 99% used [0x00000000a0000000,0x00000000dffd9ed0,0x00000000e0000000)
 Metaspace       used 117100K, capacity 127012K, committed 131008K, reserved 1163264K
  class space    used 14724K, capacity 16573K, committed 17368K, reserved 1048576K
}
Event: 9340.180 GC heap before
{Heap before GC invocations=3788 (full 3700):
 PSYoungGen      total 382976K, used 272896K [0x00000000e0000000, 0x00000000ff180000, 0x0000000100000000)
  eden space 272896K, 100% used [0x00000000e0000000,0x00000000f0a80000,0x00000000f0a80000)
  from space 110080K, 0% used [0x00000000f8600000,0x00000000f8600000,0x00000000ff180000)
  to   space 118272K, 0% used [0x00000000f0a80000,0x00000000f0a80000,0x00000000f7e00000)
 ParOldGen       total 1048576K, used 1048423K [0x00000000a0000000, 0x00000000e0000000, 0x00000000e0000000)
  object space 1048576K, 99% used [0x00000000a0000000,0x00000000dffd9ed0,0x00000000e0000000)
 Metaspace       used 117104K, capacity 127012K, committed 131008K, reserved 1163264K
  class space    used 14724K, capacity 16573K, committed 17368K, reserved 1048576K
Event: 9342.454 GC heap after
Heap after GC invocations=3788 (full 3700):
 PSYoungGen      total 382976K, used 272859K [0x00000000e0000000, 0x00000000ff180000, 0x0000000100000000)
  eden space 272896K, 99% used [0x00000000e0000000,0x00000000f0a76f88,0x00000000f0a80000)
  from space 110080K, 0% used [0x00000000f8600000,0x00000000f8600000,0x00000000ff180000)
  to   space 118272K, 0% used [0x00000000f0a80000,0x00000000f0a80000,0x00000000f7e00000)
 ParOldGen       total 1048576K, used 1048422K [0x00000000a0000000, 0x00000000e0000000, 0x00000000e0000000)
  object space 1048576K, 99% used [0x00000000a0000000,0x00000000dffd99b8,0x00000000e0000000)
 Metaspace       used 117104K, capacity 127012K, committed 131008K, reserved 1163264K
  class space    used 14724K, capacity 16573K, committed 17368K, reserved 1048576K
}
Event: 9342.455 GC heap before
{Heap before GC invocations=3789 (full 3701):
 PSYoungGen      total 382976K, used 272895K [0x00000000e0000000, 0x00000000ff180000, 0x0000000100000000)
  eden space 272896K, 99% used [0x00000000e0000000,0x00000000f0a7ffd8,0x00000000f0a80000)
  from space 110080K, 0% used [0x00000000f8600000,0x00000000f8600000,0x00000000ff180000)
  to   space 118272K, 0% used [0x00000000f0a80000,0x00000000f0a80000,0x00000000f7e00000)
 ParOldGen       total 1048576K, used 1048422K [0x00000000a0000000, 0x00000000e0000000, 0x00000000e0000000)
  object space 1048576K, 99% used [0x00000000a0000000,0x00000000dffd99b8,0x00000000e0000000)
 Metaspace       used 117109K, capacity 127018K, committed 131008K, reserved 1163264K
  class space    used 14725K, capacity 16574K, committed 17368K, reserved 1048576K
Event: 9345.389 GC heap after
Heap after GC invocations=3789 (full 3701):
 PSYoungGen      total 382976K, used 267912K [0x00000000e0000000, 0x00000000ff180000, 0x0000000100000000)
  eden space 272896K, 98% used [0x00000000e0000000,0x00000000f05a2378,0x00000000f0a80000)
  from space 110080K, 0% used [0x00000000f8600000,0x00000000f8600000,0x00000000ff180000)
  to   space 118272K, 0% used [0x00000000f0a80000,0x00000000f0a80000,0x00000000f7e00000)
 ParOldGen       total 1048576K, used 1048469K [0x00000000a0000000, 0x00000000e0000000, 0x00000000e0000000)
  object space 1048576K, 99% used [0x00000000a0000000,0x00000000dffe5478,0x00000000e0000000)
 Metaspace       used 117109K, capacity 127018K, committed 131008K, reserved 1163264K
  class space    used 14725K, capacity 16574K, committed 17368K, reserved 1048576K
}

