# JRE version: OpenJDK Runtime Environment (8.0_152-b01) (build 1.8.0_152-release-915-b01)
# Java VM: OpenJDK 64-Bit Server VM (25.152-b01 mixed mode linux-amd64 compressed oops)
Heap:
 PSYoungGen      total 345600K, used 170213K [0x00000000e0000000, 0x00000000ffa00000, 0x0000000100000000)
  eden space 177152K, 96% used [0x00000000e0000000,0x00000000ea639550,0x00000000ead00000)
  from space 168448K, 0% used [0x00000000f5580000,0x00000000f5580000,0x00000000ffa00000)
  to   space 170496K, 0% used [0x00000000ead00000,0x00000000ead00000,0x00000000f5380000)
 ParOldGen       total 1048576K, used 1048098K [0x00000000a0000000, 0x00000000e0000000, 0x00000000e0000000)
  object space 1048576K, 99% used [0x00000000a0000000,0x00000000dff88968,0x00000000e0000000)
 Metaspace       used 73461K, capacity 75574K, committed 78080K, reserved 1116160K
  class space    used 9563K, capacity 9998K, committed 10496K, reserved 1048576K
GC Heap History (10 events):
Event: 1846.143 GC heap before
{Heap before GC invocations=1711 (full 1637):
 PSYoungGen      total 345600K, used 177151K [0x00000000e0000000, 0x00000000ffa00000, 0x0000000100000000)
  eden space 177152K, 99% used [0x00000000e0000000,0x00000000eacffff0,0x00000000ead00000)
  from space 168448K, 0% used [0x00000000f5580000,0x00000000f5580000,0x00000000ffa00000)
  to   space 170496K, 0% used [0x00000000ead00000,0x00000000ead00000,0x00000000f5380000)
 ParOldGen       total 1048576K, used 1048528K [0x00000000a0000000, 0x00000000e0000000, 0x00000000e0000000)
  object space 1048576K, 99% used [0x00000000a0000000,0x00000000dfff4118,0x00000000e0000000)
 Metaspace       used 73402K, capacity 75438K, committed 77824K, reserved 1116160K
  class space    used 9554K, capacity 9986K, committed 10496K, reserved 1048576K
Event: 1846.937 GC heap after
Heap after GC invocations=1711 (full 1637):
 PSYoungGen      total 345600K, used 177151K [0x00000000e0000000, 0x00000000ffa00000, 0x0000000100000000)
  eden space 177152K, 99% used [0x00000000e0000000,0x00000000eacffff0,0x00000000ead00000)
  from space 168448K, 0% used [0x00000000f5580000,0x00000000f5580000,0x00000000ffa00000)
  to   space 170496K, 0% used [0x00000000ead00000,0x00000000ead00000,0x00000000f5380000)
 ParOldGen       total 1048576K, used 1048528K [0x00000000a0000000, 0x00000000e0000000, 0x00000000e0000000)
  object space 1048576K, 99% used [0x00000000a0000000,0x00000000dfff4118,0x00000000e0000000)
 Metaspace       used 73402K, capacity 75438K, committed 77824K, reserved 1116160K
  class space    used 9554K, capacity 9986K, committed 10496K, reserved 1048576K
}
Event: 1846.937 GC heap before
{Heap before GC invocations=1712 (full 1638):
 PSYoungGen      total 345600K, used 177151K [0x00000000e0000000, 0x00000000ffa00000, 0x0000000100000000)
  eden space 177152K, 99% used [0x00000000e0000000,0x00000000eacffff0,0x00000000ead00000)
  from space 168448K, 0% used [0x00000000f5580000,0x00000000f5580000,0x00000000ffa00000)
  to   space 170496K, 0% used [0x00000000ead00000,0x00000000ead00000,0x00000000f5380000)
 ParOldGen       total 1048576K, used 1048531K [0x00000000a0000000, 0x00000000e0000000, 0x00000000e0000000)
  object space 1048576K, 99% used [0x00000000a0000000,0x00000000dfff4f70,0x00000000e0000000)
 Metaspace       used 73402K, capacity 75438K, committed 77824K, reserved 1116160K
  class space    used 9554K, capacity 9986K, committed 10496K, reserved 1048576K
Event: 1847.750 GC heap after
Heap after GC invocations=1712 (full 1638):
 PSYoungGen      total 345600K, used 177150K [0x00000000e0000000, 0x00000000ffa00000, 0x0000000100000000)
  eden space 177152K, 99% used [0x00000000e0000000,0x00000000eacffb60,0x00000000ead00000)
  from space 168448K, 0% used [0x00000000f5580000,0x00000000f5580000,0x00000000ffa00000)
  to   space 170496K, 0% used [0x00000000ead00000,0x00000000ead00000,0x00000000f5380000)
 ParOldGen       total 1048576K, used 1048528K [0x00000000a0000000, 0x00000000e0000000, 0x00000000e0000000)
  object space 1048576K, 99% used [0x00000000a0000000,0x00000000dfff41c0,0x00000000e0000000)
 Metaspace       used 73402K, capacity 75438K, committed 77824K, reserved 1116160K
  class space    used 9554K, capacity 9986K, committed 10496K, reserved 1048576K
}
Event: 1847.751 GC heap before
{Heap before GC invocations=1713 (full 1639):
 PSYoungGen      total 345600K, used 177152K [0x00000000e0000000, 0x00000000ffa00000, 0x0000000100000000)
  eden space 177152K, 100% used [0x00000000e0000000,0x00000000ead00000,0x00000000ead00000)
  from space 168448K, 0% used [0x00000000f5580000,0x00000000f5580000,0x00000000ffa00000)
  to   space 170496K, 0% used [0x00000000ead00000,0x00000000ead00000,0x00000000f5380000)
 ParOldGen       total 1048576K, used 1048528K [0x00000000a0000000, 0x00000000e0000000, 0x00000000e0000000)
  object space 1048576K, 99% used [0x00000000a0000000,0x00000000dfff41c0,0x00000000e0000000)
 Metaspace       used 73402K, capacity 75438K, committed 77824K, reserved 1116160K
  class space    used 9554K, capacity 9986K, committed 10496K, reserved 1048576K
Event: 1848.563 GC heap after
Heap after GC invocations=1713 (full 1639):
 PSYoungGen      total 345600K, used 177150K [0x00000000e0000000, 0x00000000ffa00000, 0x0000000100000000)
  eden space 177152K, 99% used [0x00000000e0000000,0x00000000eacffba8,0x00000000ead00000)
  from space 168448K, 0% used [0x00000000f5580000,0x00000000f5580000,0x00000000ffa00000)
  to   space 170496K, 0% used [0x00000000ead00000,0x00000000ead00000,0x00000000f5380000)
 ParOldGen       total 1048576K, used 1048528K [0x00000000a0000000, 0x00000000e0000000, 0x00000000e0000000)
  object space 1048576K, 99% used [0x00000000a0000000,0x00000000dfff40a0,0x00000000e0000000)
 Metaspace       used 73402K, capacity 75438K, committed 77824K, reserved 1116160K
  class space    used 9554K, capacity 9986K, committed 10496K, reserved 1048576K
}
Event: 1848.563 GC heap before
{Heap before GC invocations=1714 (full 1640):
 PSYoungGen      total 345600K, used 177152K [0x00000000e0000000, 0x00000000ffa00000, 0x0000000100000000)
  eden space 177152K, 100% used [0x00000000e0000000,0x00000000ead00000,0x00000000ead00000)
  from space 168448K, 0% used [0x00000000f5580000,0x00000000f5580000,0x00000000ffa00000)
  to   space 170496K, 0% used [0x00000000ead00000,0x00000000ead00000,0x00000000f5380000)
 ParOldGen       total 1048576K, used 1048528K [0x00000000a0000000, 0x00000000e0000000, 0x00000000e0000000)
  object space 1048576K, 99% used [0x00000000a0000000,0x00000000dfff40a0,0x00000000e0000000)
 Metaspace       used 73402K, capacity 75438K, committed 77824K, reserved 1116160K
  class space    used 9554K, capacity 9986K, committed 10496K, reserved 1048576K
Event: 1849.374 GC heap after
Heap after GC invocations=1714 (full 1640):
 PSYoungGen      total 345600K, used 177151K [0x00000000e0000000, 0x00000000ffa00000, 0x0000000100000000)
  eden space 177152K, 99% used [0x00000000e0000000,0x00000000eacffc58,0x00000000ead00000)
  from space 168448K, 0% used [0x00000000f5580000,0x00000000f5580000,0x00000000ffa00000)
  to   space 170496K, 0% used [0x00000000ead00000,0x00000000ead00000,0x00000000f5380000)
 ParOldGen       total 1048576K, used 1048528K [0x00000000a0000000, 0x00000000e0000000, 0x00000000e0000000)
  object space 1048576K, 99% used [0x00000000a0000000,0x00000000dfff40a0,0x00000000e0000000)
 Metaspace       used 73402K, capacity 75438K, committed 77824K, reserved 1116160K
  class space    used 9554K, capacity 9986K, committed 10496K, reserved 1048576K
}
Event: 1849.374 GC heap before
{Heap before GC invocations=1715 (full 1641):
 PSYoungGen      total 345600K, used 177152K [0x00000000e0000000, 0x00000000ffa00000, 0x0000000100000000)
  eden space 177152K, 100% used [0x00000000e0000000,0x00000000ead00000,0x00000000ead00000)
  from space 168448K, 0% used [0x00000000f5580000,0x00000000f5580000,0x00000000ffa00000)
  to   space 170496K, 0% used [0x00000000ead00000,0x00000000ead00000,0x00000000f5380000)
 ParOldGen       total 1048576K, used 1048528K [0x00000000a0000000, 0x00000000e0000000, 0x00000000e0000000)
  object space 1048576K, 99% used [0x00000000a0000000,0x00000000dfff40a0,0x00000000e0000000)
 Metaspace       used 73402K, capacity 75438K, committed 77824K, reserved 1116160K
  class space    used 9554K, capacity 9986K, committed 10496K, reserved 1048576K
Event: 1851.751 GC heap after
Heap after GC invocations=1715 (full 1641):
 PSYoungGen      total 345600K, used 168622K [0x00000000e0000000, 0x00000000ffa00000, 0x0000000100000000)
  eden space 177152K, 95% used [0x00000000e0000000,0x00000000ea4ab890,0x00000000ead00000)
  from space 168448K, 0% used [0x00000000f5580000,0x00000000f5580000,0x00000000ffa00000)
  to   space 170496K, 0% used [0x00000000ead00000,0x00000000ead00000,0x00000000f5380000)
 ParOldGen       total 1048576K, used 1048098K [0x00000000a0000000, 0x00000000e0000000, 0x00000000e0000000)
  object space 1048576K, 99% used [0x00000000a0000000,0x00000000dff88968,0x00000000e0000000)
 Metaspace       used 73402K, capacity 75438K, committed 77824K, reserved 1116160K
  class space    used 9554K, capacity 9986K, committed 10496K, reserved 1048576K
}

